[2021-11-19 21:33:33] [INFO] {
[2021-11-19 21:33:33] [INFO]     "scrivi": "questo"
[2021-11-19 21:33:33] [INFO] }
[2021-11-19 21:34:15] [INFO] {
[2021-11-19 21:34:15] [INFO]     "scrivi": "questo"
[2021-11-19 21:34:15] [INFO] }
[2021-11-19 21:34:22] [INFO] {
[2021-11-19 21:34:22] [INFO]     "scrivi": "questo"
[2021-11-19 21:34:22] [INFO] }
[2021-11-19 21:59:33] [INFO] {
[2021-11-19 21:59:33] [INFO]     "scrivi": "questo"
[2021-11-19 21:59:33] [INFO] }
[2021-11-19 22:32:19] [INFO] {
[2021-11-19 22:32:19] [INFO]     "scrivi": "questo"
[2021-11-19 22:32:19] [INFO] }
[2021-11-19 22:32:49] [INFO] {
[2021-11-19 22:32:49] [INFO]     "scrivi": "questo"
[2021-11-19 22:32:49] [INFO] }
[2021-11-19 22:32:49] [ERROR] {
[2021-11-19 22:32:49] [ERROR]     "scrivi": "questo"
[2021-11-19 22:32:49] [ERROR] }
[2021-11-19 22:32:51] [INFO] {
[2021-11-19 22:32:51] [INFO]     "scrivi": "questo"
[2021-11-19 22:32:51] [INFO] }
[2021-11-19 22:32:51] [ERROR] {
[2021-11-19 22:32:51] [ERROR]     "scrivi": "questo"
[2021-11-19 22:32:51] [ERROR] }
